<?xml version="1.0" encoding="UTF-8"?>
<!-- Generated by org.testng.reporters.JUnitReportReporter -->
<testsuite hostname="BINTERNS-QA27L" failures="0" tests="12" name="Test_pkg.Test_PersonalDetailsPageHRM" time="21.619" errors="0" timestamp="2023-05-08T16:33:08 IST" skipped="0">
  <testcase classname="Test_pkg.Test_PersonalDetailsPageHRM" name="verify_visiblityPDetailsPage" time="2.177"/>
  <system-out/>
  <testcase classname="Test_pkg.Test_PersonalDetailsPageHRM" name="verify_profilePicUpdate" time="2.161"/>
  <system-out/>
  <testcase classname="Test_pkg.Test_PersonalDetailsPageHRM" name="validate_contactDetailsButtonFunctionality" time="4.642"/>
  <system-out/>
  <testcase classname="Test_pkg.Test_PersonalDetailsPageHRM" name="validate_emergencyContactsButtonFunctionality" time="0.488"/>
  <system-out/>
  <testcase classname="Test_pkg.Test_PersonalDetailsPageHRM" name="validate_dependentsButtonFunctionality" time="1.052"/>
  <system-out/>
  <testcase classname="Test_pkg.Test_PersonalDetailsPageHRM" name="validate_immigrationButtonFunctionality" time="1.483"/>
  <system-out/>
  <testcase classname="Test_pkg.Test_PersonalDetailsPageHRM" name="validate_jobButtonFunctionality" time="1.597"/>
  <system-out/>
  <testcase classname="Test_pkg.Test_PersonalDetailsPageHRM" name="validate_salaryButtonFunctionality" time="1.566"/>
  <system-out/>
  <testcase classname="Test_pkg.Test_PersonalDetailsPageHRM" name="validate_taxButtonFunctionality" time="1.599"/>
  <system-out/>
  <testcase classname="Test_pkg.Test_PersonalDetailsPageHRM" name="validate_reportToButtonFunctionality" time="1.485"/>
  <system-out/>
  <testcase classname="Test_pkg.Test_PersonalDetailsPageHRM" name="validate_qualificationsButtonFunctionality" time="1.487"/>
  <system-out/>
  <testcase classname="Test_pkg.Test_PersonalDetailsPageHRM" name="validate_membershipsButtonFunctionality" time="1.882"/>
  <system-out/>
</testsuite> <!-- Test_pkg.Test_PersonalDetailsPageHRM -->
