<?xml version="1.0" encoding="UTF-8"?>
<!-- Generated by org.testng.reporters.JUnitReportReporter -->
<testsuite hostname="BINTERNS-QA27L" failures="0" tests="1" name="Test_pkg.testGeek" time="0.193" errors="0" timestamp="2023-04-04T11:44:52 IST" skipped="0">
  <testcase classname="Test_pkg.testGeek" name="frameTest" time="0.193"/>
  <system-out/>
</testsuite> <!-- Test_pkg.testGeek -->
