<?xml version="1.0" encoding="UTF-8"?>
<!-- Generated by org.testng.reporters.JUnitReportReporter -->
<testsuite hostname="BINTERNS-QA27L" failures="0" tests="10" name="Test_pkg.Test_DashboardPageHRM" time="19.679" errors="0" timestamp="2023-05-12T16:15:19 IST" skipped="0">
  <testcase classname="Test_pkg.Test_DashboardPageHRM" name="dashboardHomePage_checkVisiblity" time="0.022"/>
  <system-out/>
  <testcase classname="Test_pkg.Test_DashboardPageHRM" name="assignLeave_checkVisiblity" time="0.036"/>
  <system-out/>
  <testcase classname="Test_pkg.Test_DashboardPageHRM" name="validate_AssignLeaveButton_Functionality" time="0.485"/>
  <system-out/>
  <testcase classname="Test_pkg.Test_DashboardPageHRM" name="validate_leaveListButton_Functionality" time="2.275"/>
  <system-out/>
  <testcase classname="Test_pkg.Test_DashboardPageHRM" name="validate_timeSheetsButton_Functionality" time="2.367"/>
  <system-out/>
  <testcase classname="Test_pkg.Test_DashboardPageHRM" name="validate_applyleaveButton_Functionality" time="2.071"/>
  <system-out/>
  <testcase classname="Test_pkg.Test_DashboardPageHRM" name="validate_myleaveButton_Functionality" time="2.593"/>
  <system-out/>
  <testcase classname="Test_pkg.Test_DashboardPageHRM" name="validate_myTimeSheet_Functionality" time="4.001"/>
  <system-out/>
  <testcase classname="Test_pkg.Test_DashboardPageHRM" name="validate_collapseButton_Functionality" time="4.328"/>
  <system-out/>
  <testcase classname="Test_pkg.Test_DashboardPageHRM" name="validate_clockButton_Functionality" time="1.501"/>
  <system-out/>
</testsuite> <!-- Test_pkg.Test_DashboardPageHRM -->
