<?xml version="1.0" encoding="UTF-8"?>
<!-- Generated by org.testng.reporters.JUnitReportReporter -->
<testsuite hostname="BINTERNS-QA27L" failures="0" tests="6" name="Test_pkg.test1" time="0.097" errors="0" timestamp="2023-03-31T18:23:55 IST" skipped="0">
  <testcase classname="Test_pkg.test1" name="verify_Platformnavbar" time="0.017"/>
  <system-out/>
  <testcase classname="Test_pkg.test1" name="verify_whyOrangehrmnavBar" time="0.018"/>
  <system-out/>
  <testcase classname="Test_pkg.test1" name="titleCheck" time="0.008"/>
  <system-out/>
  <testcase classname="Test_pkg.test1" name="urlCheck" time="0.005"/>
  <system-out/>
  <testcase classname="Test_pkg.test1" name="verifyLogo" time="0.025"/>
  <system-out/>
  <testcase classname="Test_pkg.test1" name="verify_ContactSalesbutton" time="0.024"/>
  <system-out/>
</testsuite> <!-- Test_pkg.test1 -->
