<?xml version="1.0" encoding="UTF-8"?>
<!-- Generated by org.testng.reporters.JUnitReportReporter -->
<testsuite hostname="BINTERNS-QA27L" failures="0" tests="12" name="Test_pkg.test2_loginPage" time="24.249" errors="0" timestamp="2023-04-21T10:21:17 IST" skipped="0">
  <testcase classname="Test_pkg.test2_loginPage" name="validateVisiblity" time="5.093"/>
  <system-out/>
  <testcase classname="Test_pkg.test2_loginPage" name="validate_Loginfunctionality_invalidUname_validPass" time="0.977"/>
  <system-out/>
  <testcase classname="Test_pkg.test2_loginPage" name="validate_Loginfunctionality_invalidUname_invalidPass" time="1.596"/>
  <system-out/>
  <testcase classname="Test_pkg.test2_loginPage" name="validate_Loginfunctionality_validUname_invalidPass" time="1.429"/>
  <system-out/>
  <testcase classname="Test_pkg.test2_loginPage" name="validate_Loginfunctionality_validUname_blankPass" time="0.930"/>
  <system-out/>
  <testcase classname="Test_pkg.test2_loginPage" name="validate_Loginfunctionality_blankUname_blankPass" time="0.791"/>
  <system-out/>
  <testcase classname="Test_pkg.test2_loginPage" name="validate_Loginfunctionality_blankUname_validPass" time="0.861"/>
  <system-out/>
  <testcase classname="Test_pkg.test2_loginPage" name="validate_Loginfunctionality_validUname_validPass" time="4.372"/>
  <system-out/>
  <testcase classname="Test_pkg.test2_loginPage" name="validate_logoutFunctionality" time="4.189"/>
  <system-out/>
  <testcase classname="Test_pkg.test2_loginPage" name="validate_errorMessage" time="1.790"/>
  <system-out/>
  <testcase classname="Test_pkg.test2_loginPage" name="validate_encryptedPass" time="0.074"/>
  <system-out/>
  <testcase classname="Test_pkg.test2_loginPage" name="validateForgotPassFunctionality" time="2.147"/>
  <system-out/>
</testsuite> <!-- Test_pkg.test2_loginPage -->
