<?xml version="1.0" encoding="UTF-8"?>
<!-- Generated by org.testng.reporters.JUnitReportReporter -->
<testsuite hostname="BINTERNS-QA27L" failures="0" tests="11" name="Test_pkg.Test_DirectoryPageHRM" time="12.380" errors="0" timestamp="2023-05-08T16:33:08 IST" skipped="0">
  <testcase classname="Test_pkg.Test_DirectoryPageHRM" name="validate_dirPageLoadsSuccessfully" time="0.003"/>
  <system-out/>
  <testcase classname="Test_pkg.Test_DirectoryPageHRM" name="searchButton_checkVisiblity_dirPage" time="0.014"/>
  <system-out/>
  <testcase classname="Test_pkg.Test_DirectoryPageHRM" name="empName_checkVisiblity_dirPage" time="0.023"/>
  <system-out/>
  <testcase classname="Test_pkg.Test_DirectoryPageHRM" name="resetButton_checkVisiblity_dirPage" time="0.016"/>
  <system-out/>
  <testcase classname="Test_pkg.Test_DirectoryPageHRM" name="hideCollapseButton_checkVisiblity_dirPage" time="0.016"/>
  <system-out/>
  <testcase classname="Test_pkg.Test_DirectoryPageHRM" name="locationDropDown_checkVisiblity_dirPage" time="0.019"/>
  <system-out/>
  <testcase classname="Test_pkg.Test_DirectoryPageHRM" name="JobTitleDropdown_checkVisiblity_dirPage" time="0.823"/>
  <system-out/>
  <testcase classname="Test_pkg.Test_DirectoryPageHRM" name="validate_FilterSearch_functionality" time="4.255"/>
  <system-out/>
  <testcase classname="Test_pkg.Test_DirectoryPageHRM" name="resetbutton_Functionality_DirPage" time="5.077"/>
  <system-out/>
  <testcase classname="Test_pkg.Test_DirectoryPageHRM" name="validate_recordinfo" time="0.070"/>
  <system-out/>
  <testcase classname="Test_pkg.Test_DirectoryPageHRM" name="validate_arrowButton" time="2.064"/>
  <system-out/>
</testsuite> <!-- Test_pkg.Test_DirectoryPageHRM -->
