<?xml version="1.0" encoding="UTF-8"?>
<!-- Generated by org.testng.reporters.JUnitReportReporter -->
<testsuite hostname="BINTERNS-QA27L" failures="0" tests="1" name="eval" time="8.744" errors="0" timestamp="2023-04-07T10:46:18 IST" skipped="0">
  <testcase classname="eval" name="task" time="8.744"/>
  <system-out/>
</testsuite> <!-- eval -->
