<?xml version="1.0" encoding="UTF-8"?>
<!-- Generated by org.testng.reporters.JUnitReportReporter -->
<testsuite hostname="BINTERNS-QA27L" failures="0" tests="1" name="Test_pkg.Test_Dashboard" time="0.822" errors="0" timestamp="2023-04-24T17:16:48 IST" skipped="0">
  <testcase classname="Test_pkg.Test_Dashboard" name="validate_clockButton_Functionality" time="0.822"/>
  <system-out/>
</testsuite> <!-- Test_pkg.Test_Dashboard -->
